2024-08-30 04:13:33,470 - INFO - NumExpr defaulting to 8 threads.
2024-08-30 04:13:45,040 - INFO - API Call to https://paper-api.alpaca.markets/v2/orders/74518f56-08ea-4d31-81fe-4900ea83f245 returned status code 200 in 0.96 seconds
2024-08-30 04:14:46,996 - INFO - API Call to https://paper-api.alpaca.markets/v2/orders/74518f56-08ea-4d31-81fe-4900ea83f24 returned status code 422 in 1.16 seconds
2024-08-30 04:14:46,997 - ERROR - API Error: Status Code 422 - {"code":40010001,"message":"order_id is missing"}
2024-08-30 04:17:39,130 - INFO - API Call to https://paper-api.alpaca.markets/v2/orders/74518f56-08ea-4d31-81fe-4900ea83f2 returned status code 422 in 0.87 seconds
2024-08-30 04:17:39,131 - ERROR - API Error: Status Code 422 - {"code":40010001,"message":"order_id is missing"}
2024-08-30 04:23:57,531 - INFO - API Call to https://paper-api.alpaca.markets/v2/orders/invalid_order_id returned status code 404 in 0.00 seconds
2024-08-30 04:23:57,532 - ERROR - API Error: Status Code 404 - Not Found
2024-08-30 04:23:57,535 - INFO - API Call to https://paper-api.alpaca.markets/v2/orders/89f9bf08-b6ab-43ac-a9de-c019e20a5adb returned status code 200 in 0.00 seconds
2024-08-30 04:23:57,538 - INFO - API Call to https://paper-api.alpaca.markets/v2/orders/89f9bf08-b6ab-43ac-a9de-c019e20a5adb returned status code 200 in 0.00 seconds
2024-08-30 04:23:57,542 - ERROR - API Error: Status Code 500 - Internal Server Error
2024-08-30 04:24:20,800 - INFO - API Call to https://paper-api.alpaca.markets/v2/orders/89f9bf08-b6ab-43ac-a9de-c019e20a5adb returned status code 200 in 0.00 seconds
2024-08-30 04:24:34,835 - INFO - API Call to https://paper-api.alpaca.markets/v2/orders/invalid_order_id returned status code 404 in 0.00 seconds
2024-08-30 04:24:34,835 - ERROR - API Error: Status Code 404 - Not Found
2024-08-30 04:24:34,837 - INFO - API Call to https://paper-api.alpaca.markets/v2/orders/89f9bf08-b6ab-43ac-a9de-c019e20a5adb returned status code 200 in 0.00 seconds
2024-08-30 04:24:34,840 - INFO - API Call to https://paper-api.alpaca.markets/v2/orders/89f9bf08-b6ab-43ac-a9de-c019e20a5adb returned status code 200 in 0.00 seconds
2024-08-30 04:24:34,842 - ERROR - API Error: Status Code 500 - Internal Server Error
2024-08-30 04:24:59,601 - INFO - API Call to https://paper-api.alpaca.markets/v2/orders/89f9bf08-b6ab-43ac-a9de-c019e20a5adb returned status code 200 in 0.00 seconds
2024-08-30 04:26:01,623 - INFO - API Call to https://paper-api.alpaca.markets/v2/orders/89f9bf08-b6ab-43ac-a9de-c019e20a5adb returned status code 200 in 0.00 seconds
2024-08-30 04:27:42,725 - INFO - API Call to https://paper-api.alpaca.markets/v2/orders/89f9bf08-b6ab-43ac-a9de-c019e20a5adb returned status code 200 in 0.00 seconds
2024-08-30 04:27:59,235 - INFO - API Call to https://paper-api.alpaca.markets/v2/orders/89f9bf08-b6ab-43ac-a9de-c019e20a5adb returned status code 200 in 0.00 seconds
2024-08-30 04:28:10,902 - INFO - API Call to https://paper-api.alpaca.markets/v2/orders/89f9bf08-b6ab-43ac-a9de-c019e20a5adb returned status code 200 in 0.00 seconds
2024-08-30 04:30:36,972 - INFO - API Call to https://paper-api.alpaca.markets/v2/orders/89f9bf08-b6ab-43ac-a9de-c019e20a5adb returned status code 200 in 0.00 seconds
2024-08-30 04:30:59,083 - INFO - API Call to https://paper-api.alpaca.markets/v2/orders/74518f56-08ea-4d31-81fe-4900ea83f245 returned status code 200 in 1.24 seconds
2024-08-30 04:31:20,990 - INFO - API Call to https://paper-api.alpaca.markets/v2/orders/89f9bf08-b6ab-43ac-a9de-c019e20a5adb returned status code 200 in 0.00 seconds
2024-08-30 04:32:07,280 - INFO - API Call to https://paper-api.alpaca.markets/v2/orders/74518f56-08ea-4d31-81fe-4900ea83f245 returned status code 200 in 0.86 seconds
2024-08-30 04:32:08,191 - INFO - API Call to https://paper-api.alpaca.markets/v2/orders/74518f56-08ea-4d31-81fe-4900ea83f2 returned status code 422 in 0.86 seconds
2024-08-30 04:32:08,192 - ERROR - API Error: Status Code 422 - {"code":40010001,"message":"order_id is missing"}
2024-08-30 04:32:08,292 - INFO - API Call to https://paper-api.alpaca.markets/v2/orders/89f9bf08-b6ab-43ac-a9de-c019e20a5adb returned status code 200 in 0.00 seconds
2024-08-30 05:13:32,513 - INFO - API Call to https://paper-api.alpaca.markets/v2/orders/74518f56-08ea-4d31-81fe-4900ea83f245 returned status code 404 in 0.96 seconds
2024-08-30 05:13:32,515 - ERROR - API Error: Status Code 404 - {"code":40410000,"message":"order not found for 74518f56-08ea-4d31-81fe-4900ea83f245"}
2024-08-30 05:13:33,426 - INFO - API Call to https://paper-api.alpaca.markets/v2/orders/74518f56-08ea-4d31-81fe-4900ea83f2 returned status code 422 in 0.90 seconds
2024-08-30 05:13:33,426 - ERROR - API Error: Status Code 422 - {"code":40010001,"message":"order_id is missing"}
2024-08-30 05:13:33,460 - INFO - API Call to https://paper-api.alpaca.markets/v2/orders/89f9bf08-b6ab-43ac-a9de-c019e20a5adb returned status code 200 in 0.00 seconds
